<?xml version="1.0" encoding="UTF-8"?>
<!-- Generated by org.testng.reporters.JUnitReportReporter -->
<testsuite hostname="DESKTOP-HOI5RM5" failures="0" tests="2" name="com.qa.tests.HeadTailsTest" time="7.605" errors="0" timestamp="2024-08-22T19:16:21 IST" skipped="0">
  <testcase classname="com.qa.tests.HeadTailsTest" name="headTailsTitleValidation" time="0.029"/>
  <testcase classname="com.qa.tests.HeadTailsTest" name="getPriceValidation" time="7.576"/>
</testsuite> <!-- com.qa.tests.HeadTailsTest -->
