<?xml version="1.0" encoding="UTF-8"?>
<!-- Generated by org.testng.reporters.JUnitReportReporter -->
<testsuite hostname="DESKTOP-HOI5RM5" failures="0" tests="2" name="com.qa.tests.SuperTailsTest" time="7.099" errors="0" timestamp="2024-08-22T19:16:21 IST" skipped="0">
  <testcase classname="com.qa.tests.SuperTailsTest" name="superTailsTitleValidtion" time="0.026"/>
  <testcase classname="com.qa.tests.SuperTailsTest" name="getPriceValidation" time="7.073"/>
</testsuite> <!-- com.qa.tests.SuperTailsTest -->
